<mxfile userAgent="Mozilla/5.0 (Windows NT 6.1; Win64; x64) AppleWebKit/537.36 (KHTML, like Gecko) Chrome/56.0.2924.87 Safari/537.36" version="7.9.7" editor="www.draw.io" type="onedrive"><diagram id="cd4921e6-f3d8-ef68-50d4-4a0f8c8dd524" name="steps01">5VlLb6MwEP41ObbCmBA4tknbvaxUKStt9+iCeagEI+M0SX/92sEEbCcUGpJKu7kEj18z42++GcMEzlfbJ4qK5CcJcTaxrXA7gYuJbQPHdvmfkOwqietLQUzTUA5qBMv0A0uhJaXrNMSlMpARkrG0UIUByXMcMEWGKCUbdVhEMnXXAsXYECwDlJnS32nIEikFrt90/MBpnMitPXtWdbyi4C2mZJ3L/SY2jPa/qnuF6rWkoWWCQrJpieDDBM4pIax6Wm3nOBO+rd1WzXs80XvQm+Kc9ZkAqwnvKFvjWuO9XmxX+4JP4G7njXuubCGEJUOULRliQhilWTYnGaH70dDa/8RgRskbbvVEkewxdZRqv2PK8LYlkjo/YbLCjO74ENk7k3CS8ALSjE1zVlA6OGmdUi1DEh3xYd3GQ/xBOum4w6aGw1AYcsEvXDLDdSNYCoFiqWcZlgL7iKneCKa6hql4i4M1P3UejQmWRpdXsNq2rmj2rEdI5OGdYBneIgXOj6H98VGinY99TMVmC8Bbe2rAYifrpJtKsqYBVuDGAy7GTDkWHCoUZrqS4gyx9F1ltHMc4xmOCRKUxwIIKBcxMBG6QSCspjhCASM0zeOWtEJNwNPFFUAD7SuCpk5cnajhJ7aUTZy9ks1DI7jfC3hHwn32QXKGss9QpSHwNM5EHzfnpd34Ixq30y42bsPQ+zoM2963jnj/IOyNV7nHM0m5xofTB0DjjKl2rJU9clY7JWoL2dpCQF+o8oKxED8PtGsNK8SAskthVV/P6lTrxh80XFscKqP5Q6Vtg+3DifWDex2cDdxlLrCeUWmmBJqQ1eu6NMsFURoF3eVCWaBA0EiF3ojHhqwXARinmAD+N2YbYBue3GHTgcO5A2VpzHlhkeGIq3sv3JHyAvdOil8JY2R1ikmkh71uDtqm7EXyjXhuOOWiXFRjr01GYNqTjepgsm5d150px35TU/aZRGRPNf5wLsMfUM93oJsRDL3cDk4wZ6u+AppNJIpKzCY68AeyinkbycnlQ4GR4rw46IN2MCLavcFg9x1PBTsYJ+nqmILW9CJY1/fRst8p7I6LTsdAp4nNUS4GXdTaCzTuEYYEPUFzbhmmJ1NbQ8SJMuwrB2LexRf4HWekWAnnNNeOB3E7GbEi0WsQtUIZoSKBJ+B+lYqkD8yPsewlKoxedYQsOWpu7TqCdkQMLBm0I7mBQyPDU99ZzWa9mNJYRosvvbgYMbzMFyH/cjauKbdpfYomJU8feVMzvCj1LcdTYTZSogaulqhn/YpSMxNrC9l+PwAOzfiOfgv/joxvvvH6X+5mX+RU4A+G/MXuYVOgM+Vl7mGOxsjQ776H6ciuKbzfPcyZnXjLOfg113GeGTeA/D61hP55SWD8ix+Xzi+9HO3TkuOYpddI35Z4s/nQV3m3+ZoKH/4C</diagram><diagram id="b3a8e2a2-d6cd-7369-2556-09e411754587" name="steps02">3Vtdc5s6EP01fkwHgcD4MZ/ty53pTDpzex8JyDZTjDxYTuL++ivZwka7GAvz0aR5iRFCQqtzjla7YuLdr96/FtF6+Q9PWDZxneR94j1MXJdQN5D/VMnuUBLMdMGiSBNd6VTwnP5mutDRpds0YRujouA8E+naLIx5nrNYGGVRUfA3s9qcZ2av62jBUMFzHGW49N80EUtdSoLZ6cY3li6WuuvQnR5uvETxr0XBt7nub+J68/3f4fYqKtvSA90so4S/VYq8x4l3X3AuDr9W7/csU7YtzXZ47unM3eN7FywXVg/o936Nsq0e+20cs7WI8pjJ8h8PD/pFxa40zuYtXWVRLq/u3papYM/rKFa33iQWcP/6lV5ZIdh7pUi/z1fGV0wUO1nl7WRpv7TPsmJkP9CFkZ7dxfHZ0wjlDz3I+gG7aLxofPIBiTM1PDk7a1W4EVEhnkUkVOE8zbJ7nvFiX9tz9n+qsij4L1a5M5/rOzVGmVpbpbzr+IdHNKO88HBZMZpXYzOvB5N5yGRRkqg284niuUfUGKMKao6FP9hGIPP2YY0SCTtgnIo1SB2Ewh7MQZE52DuLt0LRRSyZjU02YxhFEmY8o/gWtMqTWyXN8oqvWV7HmKcnzRhZ9ylVnT0QebXXU6Z6cs7bacO3RcwMxErWLpgwZo0lhvBjWxYsi0T6aq4DXSwTIMvEyyhfsD2BFI0q2CjYPIoFL9J8USndg0oudQkbAzYeHRE2ePXBsJEz9qwveSGWfMHzKHs8ld6x7GWPKjXkVK7hl5AFUHgea+qeHNDP6sV/6uLL1FfX76n4qR9Tvyu37GBaWvoanFZnx6mZnWOhNaB1H995Kt/5tO5QoCpT32ziMCD9VNXTAA25oCECGzpYATUkZyvaVaqtVYVNwwsTsx8fekCgPu1U3Q19gPfD+57Qf5wzK0KEiBB6vXC+Rxu8bBRLvnrZbrBXolzOuNkr2Ui3TQnNAdxzngvthxPSk89y9HL/xIo0Q5bcMWzAqrrsdaROWJZSkX9L++ylJcrShZSNh4zN5dvelaJzq4tfuBB8dU5otIXDZomq1RX/Sqmyl6MQqxFxLeVIz/iN8yUIgqkx6zelqHdUoiMqSgEJhhEQDy6InkHxy+/VJAn4adNWBCCfz+cbJiYQ9+1EpWy0woWcD08FwdfdeGCDdtIj2oPWYJ/R0AQ76WfVhZjy4D6uJ6yjfhwr7PaLzjJCMPjeoUla7UBDMWhCS9B0RQRcS32AiDN+2DUT4qIJeWCvLOPrlTLOaWPyqPYvPXok0AcxPZQ+PBLvDN5H8UgIDqRgoNfp7BA+hpUnoZ2OUl0bJ6HKCa+dkIbQTWxLDkLM4BhxQBNn5BI3BFgGXYweSYbDSH/zmlwK7+nqMqKqwltqUgeUqeXaoaExvzc9rddkBnRlZuebYpmHDRE7BLZd+Cncx/6JhR8HDT/bFs2EMxlEWC/RgLR3W2mIBLMXGvgAVdQdZotGvZnZz4Utmg9knZLm+ogdQZstne8ADtO2IbN+aYYj0DVuB0x5KSZcmfDqwU+jpaddTliA/bSh0l3UIpeB855NagEMeCxP0oLFIuVKlCQm1MB6yhUCuE8Jsh6tsd6sB+PZgK21oPcWzm+Q7a7RswArc4mkjxPM96A+By2V6Uw2mvrhIEIP/XEaGNH5zuH2muyc3uqyYjLu6Qe4VFVPQ9SRtZfTEBQn4HRuv7LNT04WaZvZP9rXevwhMSZ83Mw+zr6cS+2fs4lNZr+zUUbNo1CcSMGKPkxqvzSUEYGrCTfQ3mNw1scecGR90Ox+Z+iMmt33P2hktxZXY8VxKeCyZRz3ckOW6bArVkkfx6o+TFa6PSNQCn/Uc1J4c/G0zfebgChLxa4iDDFfrTMmsCyMGWJvb14Kd79jruA+9uc+W0hpyKz/FRnOwdL5CCcwStJXOh+lUptjPx54r4HT+RePHwyYgwiw9/LpcxBn8wztTgzUuQildhuu57Q1owZLQsDcwfHoXtskBIUnYBw7H6V1GBdC3WnY3Q8UHQ2wj/rpOdA6D9fsWhkcqDkBUXqwH+HcDERuONCi4oBtVdf02eUeIJl7XAZcRIG/hAA1TtGRAFfuE0uwXxV/OBFgSh2TALQfAoDtPp2CAG9P+Ic0I82HpgmMQujPAS19KtAZoLQFmQj0AWd2ce9r9so4hnhpB9L8VcNHJ5XbdlkhNaTq8CFEhVNT38xK3ByPCHdk1QzmTQY6ejwDOC0D/2djQJ2ql/kpOxZesZUhjndhOe6RdzZh6o/xKRE+/FG/93fPJB8xf2o/JLLdmYyWfIS5vJmdR4Maml74Iqmv3CMA76Uvg+Dhl7b1L5A3CEhD9baZUHl5+sj8UP30Jb/3+D8=</diagram><diagram id="0549789d-1537-7ea9-67ea-fedf67b8e121" name="steps03">zVhRk5owEP41TtuHuyEgoo933nl96bRTO9PrY5QAmcPECfHU/vomkAAhoOh5V32R7CbLZvf7NksG3nS1e2JwnXyjIUoHrhPuBt7DwHXB0B2JPynZF5LRRAlihkM1qRLM8V+khI6SbnCIMmMipzTleG0Kl5QQtOSGDDJGt+a0iKbmW9cwRpZgvoSpLf2NQ54oKRhNKsVXhONEvXrsBoViAZcvMaMbot43cL0o/xXqFdS21EazBIZ0WxN5jwNvyijlxdNqN0WpjK0OW7Fu1qEt/WaI8D4L3GLBK0w3SHuc+8X3OhZigQi7GNwLZ9dSmHHI+JxDLoURTtMpTSnLZ3tO/pOTOaMvqKaJIqWxfVRuvyLG0a4mUj4/IbpCnO3FFK3VANvrcTHcVsnyVISTWpq0DCp4xKXhKkTiQUWpPWKeFbEnhhAZSI88kO/Pv7/Ll3CU8SzfapYN/AcrshElXGEfgMsEZgyMuIwdKy7AbQnM+AKBGfaB0iIHe0IZ/is2D4Wte7k5LKh3l+KYCOWCck5XQoFIeCe5LGR0LSKcS1S8xm0Im80UwsS8GZaOPsiw5nRE0stCJ/b1LAe3vh7+UbrOBAjAx4gbAEChUUK6oeqYKbnxukOtjPygWLy/suCZYA8C00LhnFpU53rTztD0ZNhIekY3bIksO3ney331goJvQeEniuCSi0TJmh0iky2/FE82ZCEzStq4oqGj0fIfgLPD/Ln2nIPm1s1BJLAwV75SxhMaUwLTx0paR53bH3ZFRgzYnYNEjbxmwntAz3EOQqY39HwTen4/6Ikswn1t2lpOyLrddU1vtfddXjWm+4dnA9C6h4olhbfti28aHLZyQaMoQ2/lXdDCu9Dk2nciyOfkRFxRhmqnVARx+kGn1LABq488psan16bP2RfZ2h2tTddxrBnVRVUbVbqAXbrOrT3B+9eeRs2YfGztsSncXHgRyuovnhoeZ3gn6bghS47lOVLi8pphB0zYBX7niRn0hl1w/pFXfieYuQeN1uk4Ct1G1QfgTBgOgXPY0OXaL+1yDVNbhjlSRV4eCXnVv25ENfpzUAdUha9SdbQFu95K5/kTExrNc653qRs5hw31rnWBbxhyj5a+U1s1EIBWVzvp07G11vbrHM7YNyFTSD5JD3iCyYtsmqJaawDJ3mqh+rAJKhalKOLvRK6SJK5Fkkt/Fx+hDjixXDu3o9EoMPJ8o280GEohx6/mBd0J3cTEbMBd50yONeyUlOtNscu2D/Z1VAsOmxd4EkpnXt+9vfm3EqE68svf3YlhdZNaBLe6rvYe/wE=</diagram></mxfile>